build/app/intermediates/manifest_merge_blame_file/release/manifest-merger-blame-release-report.txt
1<?xml version="1.0" encoding="utf-8"?>
2<manifest xmlns:android="http://schemas.android.com/apk/res/android"
3    package="br.com.bacressendev.loja_virtual"
4    android:versionCode="1"
5    android:versionName="1.0.2" >
6
7    <uses-sdk
8        android:minSdkVersion="16"
8-->src/main/AndroidManifest.xml
9        android:targetSdkVersion="30" />
9-->src/main/AndroidManifest.xml
10    <!--
11         io.flutter.app.FlutterApplication is an android.app.Application that
12         calls FlutterMain.startInitialization(this); in its onCreate method.
13         In most cases you can leave this as-is, but you if you want to provide
14         additional functionality it is fine to subclass or reimplement
15         FlutterApplication and put your custom class here.
16    -->
17    <uses-permission android:name="android.permission.INTERNET" />
17-->src/main/AndroidManifest.xml:8:5-66
17-->src/main/AndroidManifest.xml:8:22-64
18    <uses-permission android:name="android.permission.READ_EXTERNAL_STORAGE" />
18-->[:image_picker] AndroidManifest.xml:7:5-80
18-->[:image_picker] AndroidManifest.xml:7:22-77
19    <uses-permission android:name="android.permission.WRITE_EXTERNAL_STORAGE" />
19-->[:image_picker] AndroidManifest.xml:8:5-81
19-->[:image_picker] AndroidManifest.xml:8:22-78
20    <uses-permission android:name="android.permission.ACCESS_FINE_LOCATION" />
20-->[:geolocator] AndroidManifest.xml:7:5-79
20-->[:geolocator] AndroidManifest.xml:7:22-76
21    <uses-permission android:name="android.permission.ACCESS_NETWORK_STATE" />
21-->[com.google.firebase:firebase-auth:20.0.1] AndroidManifest.xml:24:5-79
21-->[com.google.firebase:firebase-auth:20.0.1] AndroidManifest.xml:24:22-76
22    <uses-permission android:name="android.permission.WAKE_LOCK" /> <!-- Required by older versions of Google Play services to create IID tokens -->
22-->[com.google.firebase:firebase-iid:21.0.0] AndroidManifest.xml:24:5-68
22-->[com.google.firebase:firebase-iid:21.0.0] AndroidManifest.xml:24:22-65
23    <uses-permission android:name="com.google.android.c2dm.permission.RECEIVE" />
23-->[com.google.firebase:firebase-iid:21.0.0] AndroidManifest.xml:26:5-82
23-->[com.google.firebase:firebase-iid:21.0.0] AndroidManifest.xml:26:22-79
24    <uses-permission android:name="com.google.android.finsky.permission.BIND_GET_INSTALL_REFERRER_SERVICE" />
24-->[com.google.android.gms:play-services-measurement:18.0.0] AndroidManifest.xml:26:5-110
24-->[com.google.android.gms:play-services-measurement:18.0.0] AndroidManifest.xml:26:22-107
25
26    <application
26-->src/main/AndroidManifest.xml:9:5-53:19
27        android:name="io.flutter.app.FlutterApplication"
27-->src/main/AndroidManifest.xml:10:9-57
28        android:appComponentFactory="androidx.core.app.CoreComponentFactory"
28-->[androidx.core:core:1.2.0] AndroidManifest.xml:24:18-86
29        android:icon="@mipmap/ic_launcher"
29-->src/main/AndroidManifest.xml:12:9-43
30        android:label="Boutique do Brigadeiro" >
30-->src/main/AndroidManifest.xml:11:9-47
31        <activity
31-->src/main/AndroidManifest.xml:13:9-47:20
32            android:name="br.com.bacressendev.loja_virtual.MainActivity"
32-->src/main/AndroidManifest.xml:14:13-41
33            android:configChanges="orientation|keyboardHidden|keyboard|screenSize|smallestScreenSize|locale|layoutDirection|fontScale|screenLayout|density|uiMode"
33-->src/main/AndroidManifest.xml:17:13-163
34            android:hardwareAccelerated="true"
34-->src/main/AndroidManifest.xml:18:13-47
35            android:launchMode="singleTop"
35-->src/main/AndroidManifest.xml:15:13-43
36            android:theme="@style/LaunchTheme"
36-->src/main/AndroidManifest.xml:16:13-47
37            android:windowSoftInputMode="adjustResize" >
37-->src/main/AndroidManifest.xml:19:13-55
38
39            <!--
40                 Specifies an Android theme to apply to this Activity as soon as
41                 the Android process has started. This theme is visible to the user
42                 while the Flutter UI initializes. After that, this theme continues
43                 to determine the Window background behind the Flutter UI.
44            -->
45            <meta-data
45-->src/main/AndroidManifest.xml:25:13-28:17
46                android:name="io.flutter.embedding.android.NormalTheme"
46-->src/main/AndroidManifest.xml:26:15-70
47                android:resource="@style/NormalTheme" />
47-->src/main/AndroidManifest.xml:27:15-52
48            <!--
49                 Displays an Android View that continues showing the launch screen
50                 Drawable until Flutter paints its first frame, then this splash
51                 screen fades out. A splash screen is useful to avoid any visual
52                 gap between the end of Android's launch screen and the painting of
53                 Flutter's first frame.
54            -->
55            <meta-data
55-->src/main/AndroidManifest.xml:34:13-37:17
56                android:name="io.flutter.embedding.android.SplashScreenDrawable"
56-->src/main/AndroidManifest.xml:35:15-79
57                android:resource="@drawable/launch_background" />
57-->src/main/AndroidManifest.xml:36:15-61
58
59            <intent-filter>
59-->src/main/AndroidManifest.xml:38:13-41:29
60                <action android:name="android.intent.action.MAIN" />
60-->src/main/AndroidManifest.xml:39:17-68
60-->src/main/AndroidManifest.xml:39:25-66
61
62                <category android:name="android.intent.category.LAUNCHER" />
62-->src/main/AndroidManifest.xml:40:17-76
62-->src/main/AndroidManifest.xml:40:27-74
63            </intent-filter>
64            <intent-filter>
64-->src/main/AndroidManifest.xml:43:13-46:29
65                <action android:name="FLUTTER_NOTIFICATION_CLICK" />
65-->src/main/AndroidManifest.xml:44:17-69
65-->src/main/AndroidManifest.xml:44:25-66
66
67                <category android:name="android.intent.category.DEFAULT" />
67-->src/main/AndroidManifest.xml:45:17-76
67-->src/main/AndroidManifest.xml:45:27-73
68            </intent-filter>
69        </activity>
70        <!--
71             Don't delete the meta-data below.
72             This is used by the Flutter tool to generate GeneratedPluginRegistrant.java
73        -->
74        <meta-data
74-->src/main/AndroidManifest.xml:50:9-52:33
75            android:name="flutterEmbedding"
75-->src/main/AndroidManifest.xml:51:13-44
76            android:value="2" />
76-->src/main/AndroidManifest.xml:52:13-30
77
78        <service
78-->[:cloud_firestore] AndroidManifest.xml:8:9-12:19
79            android:name="com.google.firebase.components.ComponentDiscoveryService"
79-->[:cloud_firestore] AndroidManifest.xml:8:18-89
80            android:directBootAware="true"
80-->[com.google.firebase:firebase-common:19.4.0] AndroidManifest.xml:35:13-43
81            android:exported="false" >
81-->[com.google.firebase:firebase-functions:19.1.0] AndroidManifest.xml:17:13-37
82            <meta-data
82-->[:cloud_firestore] AndroidManifest.xml:9:13-11:85
83                android:name="com.google.firebase.components:io.flutter.plugins.firebase.cloudfirestore.FlutterFirebaseAppRegistrar"
83-->[:cloud_firestore] AndroidManifest.xml:10:17-133
84                android:value="com.google.firebase.components.ComponentRegistrar" />
84-->[:cloud_firestore] AndroidManifest.xml:11:17-82
85            <meta-data
85-->[:cloud_functions] AndroidManifest.xml:9:13-11:85
86                android:name="com.google.firebase.components:io.flutter.plugins.firebase.cloudfunctions.FlutterFirebaseAppRegistrar"
86-->[:cloud_functions] AndroidManifest.xml:10:17-133
87                android:value="com.google.firebase.components.ComponentRegistrar" />
87-->[:cloud_functions] AndroidManifest.xml:11:17-82
88            <meta-data
88-->[:firebase_auth] AndroidManifest.xml:9:13-11:85
89                android:name="com.google.firebase.components:io.flutter.plugins.firebaseauth.FlutterFirebaseAppRegistrar"
89-->[:firebase_auth] AndroidManifest.xml:10:17-122
90                android:value="com.google.firebase.components.ComponentRegistrar" />
90-->[:firebase_auth] AndroidManifest.xml:11:17-82
91            <meta-data
91-->[:firebase_storage] AndroidManifest.xml:9:13-11:85
92                android:name="com.google.firebase.components:io.flutter.plugins.firebase.storage.FlutterFirebaseAppRegistrar"
92-->[:firebase_storage] AndroidManifest.xml:10:17-126
93                android:value="com.google.firebase.components.ComponentRegistrar" />
93-->[:firebase_storage] AndroidManifest.xml:11:17-82
94            <meta-data
94-->[:firebase_core] AndroidManifest.xml:9:13-11:85
95                android:name="com.google.firebase.components:io.flutter.plugins.firebase.core.FlutterFirebaseAppRegistrar"
95-->[:firebase_core] AndroidManifest.xml:10:17-123
96                android:value="com.google.firebase.components.ComponentRegistrar" />
96-->[:firebase_core] AndroidManifest.xml:11:17-82
97            <meta-data
97-->[:firebase_messaging] AndroidManifest.xml:14:13-16:85
98                android:name="com.google.firebase.components:io.flutter.plugins.firebasemessaging.FlutterFirebaseAppRegistrar"
98-->[:firebase_messaging] AndroidManifest.xml:15:17-127
99                android:value="com.google.firebase.components.ComponentRegistrar" />
99-->[:firebase_messaging] AndroidManifest.xml:16:17-82
100            <meta-data
100-->[com.google.firebase:firebase-functions:19.1.0] AndroidManifest.xml:18:13-20:85
101                android:name="com.google.firebase.components:com.google.firebase.functions.FunctionsRegistrar"
101-->[com.google.firebase:firebase-functions:19.1.0] AndroidManifest.xml:19:17-111
102                android:value="com.google.firebase.components.ComponentRegistrar" />
102-->[com.google.firebase:firebase-functions:19.1.0] AndroidManifest.xml:20:17-82
103            <meta-data
103-->[com.google.firebase:firebase-auth:20.0.1] AndroidManifest.xml:77:13-79:85
104                android:name="com.google.firebase.components:com.google.firebase.auth.FirebaseAuthRegistrar"
104-->[com.google.firebase:firebase-auth:20.0.1] AndroidManifest.xml:78:17-109
105                android:value="com.google.firebase.components.ComponentRegistrar" />
105-->[com.google.firebase:firebase-auth:20.0.1] AndroidManifest.xml:79:17-82
106            <meta-data
106-->[com.google.firebase:firebase-firestore:22.0.0] AndroidManifest.xml:20:13-22:85
107                android:name="com.google.firebase.components:com.google.firebase.firestore.FirestoreRegistrar"
107-->[com.google.firebase:firebase-firestore:22.0.0] AndroidManifest.xml:21:17-111
108                android:value="com.google.firebase.components.ComponentRegistrar" />
108-->[com.google.firebase:firebase-firestore:22.0.0] AndroidManifest.xml:22:17-82
109            <meta-data
109-->[com.google.firebase:firebase-messaging:21.0.0] AndroidManifest.xml:39:13-41:85
110                android:name="com.google.firebase.components:com.google.firebase.messaging.FirebaseMessagingRegistrar"
110-->[com.google.firebase:firebase-messaging:21.0.0] AndroidManifest.xml:40:17-119
111                android:value="com.google.firebase.components.ComponentRegistrar" />
111-->[com.google.firebase:firebase-messaging:21.0.0] AndroidManifest.xml:41:17-82
112            <meta-data
112-->[com.google.firebase:firebase-storage:19.2.0] AndroidManifest.xml:33:13-35:85
113                android:name="com.google.firebase.components:com.google.firebase.storage.StorageRegistrar"
113-->[com.google.firebase:firebase-storage:19.2.0] AndroidManifest.xml:34:17-107
114                android:value="com.google.firebase.components.ComponentRegistrar" />
114-->[com.google.firebase:firebase-storage:19.2.0] AndroidManifest.xml:35:17-82
115            <meta-data
115-->[com.google.firebase:firebase-iid:21.0.0] AndroidManifest.xml:32:13-34:85
116                android:name="com.google.firebase.components:com.google.firebase.iid.Registrar"
116-->[com.google.firebase:firebase-iid:21.0.0] AndroidManifest.xml:33:17-96
117                android:value="com.google.firebase.components.ComponentRegistrar" />
117-->[com.google.firebase:firebase-iid:21.0.0] AndroidManifest.xml:34:17-82
118            <meta-data
118-->[com.google.android.gms:play-services-measurement-api:18.0.0] AndroidManifest.xml:30:13-32:85
119                android:name="com.google.firebase.components:com.google.firebase.analytics.connector.internal.AnalyticsConnectorRegistrar"
119-->[com.google.android.gms:play-services-measurement-api:18.0.0] AndroidManifest.xml:31:17-139
120                android:value="com.google.firebase.components.ComponentRegistrar" />
120-->[com.google.android.gms:play-services-measurement-api:18.0.0] AndroidManifest.xml:32:17-82
121            <meta-data
121-->[com.google.firebase:firebase-datatransport:17.0.3] AndroidManifest.xml:28:13-30:85
122                android:name="com.google.firebase.components:com.google.firebase.datatransport.TransportRegistrar"
122-->[com.google.firebase:firebase-datatransport:17.0.3] AndroidManifest.xml:29:17-115
123                android:value="com.google.firebase.components.ComponentRegistrar" />
123-->[com.google.firebase:firebase-datatransport:17.0.3] AndroidManifest.xml:30:17-82
124            <meta-data
124-->[com.google.firebase:firebase-installations:16.3.4] AndroidManifest.xml:18:13-20:85
125                android:name="com.google.firebase.components:com.google.firebase.installations.FirebaseInstallationsRegistrar"
125-->[com.google.firebase:firebase-installations:16.3.4] AndroidManifest.xml:19:17-127
126                android:value="com.google.firebase.components.ComponentRegistrar" />
126-->[com.google.firebase:firebase-installations:16.3.4] AndroidManifest.xml:20:17-82
127        </service>
128
129        <provider
129-->[:image_picker] AndroidManifest.xml:11:9-19:20
130            android:name="io.flutter.plugins.imagepicker.ImagePickerFileProvider"
130-->[:image_picker] AndroidManifest.xml:12:13-82
131            android:authorities="br.com.bacressendev.loja_virtual.flutter.image_provider"
131-->[:image_picker] AndroidManifest.xml:13:13-74
132            android:exported="false"
132-->[:image_picker] AndroidManifest.xml:14:13-37
133            android:grantUriPermissions="true" >
133-->[:image_picker] AndroidManifest.xml:15:13-47
134            <meta-data
134-->[:image_picker] AndroidManifest.xml:16:13-18:75
135                android:name="android.support.FILE_PROVIDER_PATHS"
135-->[:image_picker] AndroidManifest.xml:17:17-67
136                android:resource="@xml/flutter_image_picker_file_paths" />
136-->[:image_picker] AndroidManifest.xml:18:17-72
137        </provider>
138
139        <activity
139-->[:url_launcher] AndroidManifest.xml:8:9-11:74
140            android:name="io.flutter.plugins.urllauncher.WebViewActivity"
140-->[:url_launcher] AndroidManifest.xml:9:13-74
141            android:exported="false"
141-->[:url_launcher] AndroidManifest.xml:10:13-37
142            android:theme="@android:style/Theme.NoTitleBar.Fullscreen" />
142-->[:url_launcher] AndroidManifest.xml:11:13-71
143
144        <service android:name="io.flutter.plugins.firebasemessaging.FlutterFirebaseMessagingService" >
144-->[:firebase_messaging] AndroidManifest.xml:8:9-12:19
144-->[:firebase_messaging] AndroidManifest.xml:8:18-101
145            <intent-filter>
145-->[:firebase_messaging] AndroidManifest.xml:9:13-11:29
146                <action android:name="com.google.firebase.MESSAGING_EVENT" />
146-->[:firebase_messaging] AndroidManifest.xml:10:17-78
146-->[:firebase_messaging] AndroidManifest.xml:10:25-75
147            </intent-filter>
148        </service>
149
150        <activity
150-->[com.google.firebase:firebase-auth:20.0.1] AndroidManifest.xml:27:9-44:20
151            android:name="com.google.firebase.auth.internal.GenericIdpActivity"
151-->[com.google.firebase:firebase-auth:20.0.1] AndroidManifest.xml:28:13-80
152            android:excludeFromRecents="true"
152-->[com.google.firebase:firebase-auth:20.0.1] AndroidManifest.xml:29:13-46
153            android:exported="true"
153-->[com.google.firebase:firebase-auth:20.0.1] AndroidManifest.xml:30:13-36
154            android:launchMode="singleTask"
154-->[com.google.firebase:firebase-auth:20.0.1] AndroidManifest.xml:31:13-44
155            android:theme="@android:style/Theme.Translucent.NoTitleBar" >
155-->[com.google.firebase:firebase-auth:20.0.1] AndroidManifest.xml:32:13-72
156            <intent-filter>
156-->[com.google.firebase:firebase-auth:20.0.1] AndroidManifest.xml:33:13-43:29
157                <action android:name="android.intent.action.VIEW" />
157-->[com.google.firebase:firebase-auth:20.0.1] AndroidManifest.xml:34:17-69
157-->[com.google.firebase:firebase-auth:20.0.1] AndroidManifest.xml:34:25-66
158
159                <category android:name="android.intent.category.DEFAULT" />
159-->src/main/AndroidManifest.xml:45:17-76
159-->src/main/AndroidManifest.xml:45:27-73
160                <category android:name="android.intent.category.BROWSABLE" />
160-->[com.google.firebase:firebase-auth:20.0.1] AndroidManifest.xml:37:17-78
160-->[com.google.firebase:firebase-auth:20.0.1] AndroidManifest.xml:37:27-75
161
162                <data
162-->[com.google.firebase:firebase-auth:20.0.1] AndroidManifest.xml:39:17-42:51
163                    android:host="firebase.auth"
163-->[com.google.firebase:firebase-auth:20.0.1] AndroidManifest.xml:40:21-49
164                    android:path="/"
164-->[com.google.firebase:firebase-auth:20.0.1] AndroidManifest.xml:41:21-37
165                    android:scheme="genericidp" />
165-->[com.google.firebase:firebase-auth:20.0.1] AndroidManifest.xml:42:21-48
166            </intent-filter>
167        </activity>
168        <activity
168-->[com.google.firebase:firebase-auth:20.0.1] AndroidManifest.xml:45:9-62:20
169            android:name="com.google.firebase.auth.internal.RecaptchaActivity"
169-->[com.google.firebase:firebase-auth:20.0.1] AndroidManifest.xml:46:13-79
170            android:excludeFromRecents="true"
170-->[com.google.firebase:firebase-auth:20.0.1] AndroidManifest.xml:47:13-46
171            android:exported="true"
171-->[com.google.firebase:firebase-auth:20.0.1] AndroidManifest.xml:48:13-36
172            android:launchMode="singleTask"
172-->[com.google.firebase:firebase-auth:20.0.1] AndroidManifest.xml:49:13-44
173            android:theme="@android:style/Theme.Translucent.NoTitleBar" >
173-->[com.google.firebase:firebase-auth:20.0.1] AndroidManifest.xml:50:13-72
174            <intent-filter>
174-->[com.google.firebase:firebase-auth:20.0.1] AndroidManifest.xml:51:13-61:29
175                <action android:name="android.intent.action.VIEW" />
175-->[com.google.firebase:firebase-auth:20.0.1] AndroidManifest.xml:34:17-69
175-->[com.google.firebase:firebase-auth:20.0.1] AndroidManifest.xml:34:25-66
176
177                <category android:name="android.intent.category.DEFAULT" />
177-->src/main/AndroidManifest.xml:45:17-76
177-->src/main/AndroidManifest.xml:45:27-73
178                <category android:name="android.intent.category.BROWSABLE" />
178-->[com.google.firebase:firebase-auth:20.0.1] AndroidManifest.xml:37:17-78
178-->[com.google.firebase:firebase-auth:20.0.1] AndroidManifest.xml:37:27-75
179
180                <data
180-->[com.google.firebase:firebase-auth:20.0.1] AndroidManifest.xml:39:17-42:51
181                    android:host="firebase.auth"
181-->[com.google.firebase:firebase-auth:20.0.1] AndroidManifest.xml:40:21-49
182                    android:path="/"
182-->[com.google.firebase:firebase-auth:20.0.1] AndroidManifest.xml:41:21-37
183                    android:scheme="recaptcha" />
183-->[com.google.firebase:firebase-auth:20.0.1] AndroidManifest.xml:42:21-48
184            </intent-filter>
185        </activity>
186
187        <service
187-->[com.google.firebase:firebase-auth:20.0.1] AndroidManifest.xml:64:9-73:19
188            android:name="com.google.firebase.auth.api.fallback.service.FirebaseAuthFallbackService"
188-->[com.google.firebase:firebase-auth:20.0.1] AndroidManifest.xml:65:13-101
189            android:enabled="true"
189-->[com.google.firebase:firebase-auth:20.0.1] AndroidManifest.xml:66:13-35
190            android:exported="false" >
190-->[com.google.firebase:firebase-auth:20.0.1] AndroidManifest.xml:67:13-37
191            <intent-filter>
191-->[com.google.firebase:firebase-auth:20.0.1] AndroidManifest.xml:68:13-72:29
192                <action android:name="com.google.firebase.auth.api.gms.service.START" />
192-->[com.google.firebase:firebase-auth:20.0.1] AndroidManifest.xml:69:17-89
192-->[com.google.firebase:firebase-auth:20.0.1] AndroidManifest.xml:69:25-86
193
194                <category android:name="android.intent.category.DEFAULT" />
194-->src/main/AndroidManifest.xml:45:17-76
194-->src/main/AndroidManifest.xml:45:27-73
195            </intent-filter>
196        </service>
197        <!--
198             FirebaseMessagingService performs security checks at runtime,
199             but set to not exported to explicitly avoid allowing another app to call it.
200        -->
201        <service
201-->[com.google.firebase:firebase-messaging:21.0.0] AndroidManifest.xml:28:9-35:19
202            android:name="com.google.firebase.messaging.FirebaseMessagingService"
202-->[com.google.firebase:firebase-messaging:21.0.0] AndroidManifest.xml:29:13-82
203            android:directBootAware="true"
203-->[com.google.firebase:firebase-messaging:21.0.0] AndroidManifest.xml:30:13-43
204            android:exported="false" >
204-->[com.google.firebase:firebase-messaging:21.0.0] AndroidManifest.xml:31:13-37
205            <intent-filter android:priority="-500" >
205-->[:firebase_messaging] AndroidManifest.xml:9:13-11:29
206                <action android:name="com.google.firebase.MESSAGING_EVENT" />
206-->[:firebase_messaging] AndroidManifest.xml:10:17-78
206-->[:firebase_messaging] AndroidManifest.xml:10:25-75
207            </intent-filter>
208        </service>
209
210        <receiver
210-->[com.google.firebase:firebase-iid:21.0.0] AndroidManifest.xml:37:9-44:20
211            android:name="com.google.firebase.iid.FirebaseInstanceIdReceiver"
211-->[com.google.firebase:firebase-iid:21.0.0] AndroidManifest.xml:38:13-78
212            android:exported="true"
212-->[com.google.firebase:firebase-iid:21.0.0] AndroidManifest.xml:39:13-36
213            android:permission="com.google.android.c2dm.permission.SEND" >
213-->[com.google.firebase:firebase-iid:21.0.0] AndroidManifest.xml:40:13-73
214            <intent-filter>
214-->[com.google.firebase:firebase-iid:21.0.0] AndroidManifest.xml:41:13-43:29
215                <action android:name="com.google.android.c2dm.intent.RECEIVE" />
215-->[com.google.firebase:firebase-iid:21.0.0] AndroidManifest.xml:42:17-81
215-->[com.google.firebase:firebase-iid:21.0.0] AndroidManifest.xml:42:25-78
216            </intent-filter>
217        </receiver>
218
219        <provider
219-->[com.google.firebase:firebase-common:19.4.0] AndroidManifest.xml:26:9-31:39
220            android:name="com.google.firebase.provider.FirebaseInitProvider"
220-->[com.google.firebase:firebase-common:19.4.0] AndroidManifest.xml:27:13-77
221            android:authorities="br.com.bacressendev.loja_virtual.firebaseinitprovider"
221-->[com.google.firebase:firebase-common:19.4.0] AndroidManifest.xml:28:13-72
222            android:directBootAware="true"
222-->[com.google.firebase:firebase-common:19.4.0] AndroidManifest.xml:29:13-43
223            android:exported="false"
223-->[com.google.firebase:firebase-common:19.4.0] AndroidManifest.xml:30:13-37
224            android:initOrder="100" />
224-->[com.google.firebase:firebase-common:19.4.0] AndroidManifest.xml:31:13-36
225
226        <receiver
226-->[com.google.android.gms:play-services-measurement:18.0.0] AndroidManifest.xml:29:9-33:20
227            android:name="com.google.android.gms.measurement.AppMeasurementReceiver"
227-->[com.google.android.gms:play-services-measurement:18.0.0] AndroidManifest.xml:30:13-85
228            android:enabled="true"
228-->[com.google.android.gms:play-services-measurement:18.0.0] AndroidManifest.xml:31:13-35
229            android:exported="false" >
229-->[com.google.android.gms:play-services-measurement:18.0.0] AndroidManifest.xml:32:13-37
230        </receiver>
231
232        <service
232-->[com.google.android.gms:play-services-measurement:18.0.0] AndroidManifest.xml:35:9-38:40
233            android:name="com.google.android.gms.measurement.AppMeasurementService"
233-->[com.google.android.gms:play-services-measurement:18.0.0] AndroidManifest.xml:36:13-84
234            android:enabled="true"
234-->[com.google.android.gms:play-services-measurement:18.0.0] AndroidManifest.xml:37:13-35
235            android:exported="false" />
235-->[com.google.android.gms:play-services-measurement:18.0.0] AndroidManifest.xml:38:13-37
236        <service
236-->[com.google.android.gms:play-services-measurement:18.0.0] AndroidManifest.xml:39:9-43:72
237            android:name="com.google.android.gms.measurement.AppMeasurementJobService"
237-->[com.google.android.gms:play-services-measurement:18.0.0] AndroidManifest.xml:40:13-87
238            android:enabled="true"
238-->[com.google.android.gms:play-services-measurement:18.0.0] AndroidManifest.xml:41:13-35
239            android:exported="false"
239-->[com.google.android.gms:play-services-measurement:18.0.0] AndroidManifest.xml:42:13-37
240            android:permission="android.permission.BIND_JOB_SERVICE" />
240-->[com.google.android.gms:play-services-measurement:18.0.0] AndroidManifest.xml:43:13-69
241
242        <activity
242-->[com.google.android.gms:play-services-base:17.2.1] AndroidManifest.xml:23:9-26:75
243            android:name="com.google.android.gms.common.api.GoogleApiActivity"
243-->[com.google.android.gms:play-services-base:17.2.1] AndroidManifest.xml:24:13-79
244            android:exported="false"
244-->[com.google.android.gms:play-services-base:17.2.1] AndroidManifest.xml:25:13-37
245            android:theme="@android:style/Theme.Translucent.NoTitleBar" />
245-->[com.google.android.gms:play-services-base:17.2.1] AndroidManifest.xml:26:13-72
246
247        <meta-data
247-->[com.google.android.gms:play-services-basement:17.2.1] AndroidManifest.xml:23:9-25:69
248            android:name="com.google.android.gms.version"
248-->[com.google.android.gms:play-services-basement:17.2.1] AndroidManifest.xml:24:13-58
249            android:value="@integer/google_play_services_version" />
249-->[com.google.android.gms:play-services-basement:17.2.1] AndroidManifest.xml:25:13-66
250
251        <service
251-->[com.google.android.datatransport:transport-backend-cct:2.2.0] AndroidManifest.xml:29:9-35:19
252            android:name="com.google.android.datatransport.runtime.backends.TransportBackendDiscovery"
252-->[com.google.android.datatransport:transport-backend-cct:2.2.0] AndroidManifest.xml:30:13-103
253            android:exported="false" >
253-->[com.google.android.datatransport:transport-backend-cct:2.2.0] AndroidManifest.xml:31:13-37
254            <meta-data
254-->[com.google.android.datatransport:transport-backend-cct:2.2.0] AndroidManifest.xml:32:13-34:39
255                android:name="backend:com.google.android.datatransport.cct.CctBackendFactory"
255-->[com.google.android.datatransport:transport-backend-cct:2.2.0] AndroidManifest.xml:33:17-94
256                android:value="cct" />
256-->[com.google.android.datatransport:transport-backend-cct:2.2.0] AndroidManifest.xml:34:17-36
257        </service>
258        <service
258-->[com.google.android.datatransport:transport-runtime:2.2.0] AndroidManifest.xml:26:9-30:19
259            android:name="com.google.android.datatransport.runtime.scheduling.jobscheduling.JobInfoSchedulerService"
259-->[com.google.android.datatransport:transport-runtime:2.2.0] AndroidManifest.xml:27:13-117
260            android:exported="false"
260-->[com.google.android.datatransport:transport-runtime:2.2.0] AndroidManifest.xml:28:13-37
261            android:permission="android.permission.BIND_JOB_SERVICE" >
261-->[com.google.android.datatransport:transport-runtime:2.2.0] AndroidManifest.xml:29:13-69
262        </service>
263
264        <receiver
264-->[com.google.android.datatransport:transport-runtime:2.2.0] AndroidManifest.xml:32:9-34:40
265            android:name="com.google.android.datatransport.runtime.scheduling.jobscheduling.AlarmManagerSchedulerBroadcastReceiver"
265-->[com.google.android.datatransport:transport-runtime:2.2.0] AndroidManifest.xml:33:13-132
266            android:exported="false" />
266-->[com.google.android.datatransport:transport-runtime:2.2.0] AndroidManifest.xml:34:13-37
267    </application>
268
269</manifest>